Time resolution is 1 ps
Error: Byte 0 mismatch
Time: 50 ns  Iteration: 0  Process: /mac_ring_memory_tb/stim_proc  File: D:/Project/NIDS_3/Code/project_3/project_3.srcs/sim_1/new/MAC_tb.vhd
Error: Byte 1 mismatch
Time: 70 ns  Iteration: 0  Process: /mac_ring_memory_tb/stim_proc  File: D:/Project/NIDS_3/Code/project_3/project_3.srcs/sim_1/new/MAC_tb.vhd
Error: Byte 2 mismatch
Time: 90 ns  Iteration: 0  Process: /mac_ring_memory_tb/stim_proc  File: D:/Project/NIDS_3/Code/project_3/project_3.srcs/sim_1/new/MAC_tb.vhd
Error: Byte 3 mismatch
Time: 110 ns  Iteration: 0  Process: /mac_ring_memory_tb/stim_proc  File: D:/Project/NIDS_3/Code/project_3/project_3.srcs/sim_1/new/MAC_tb.vhd
Error: Byte 4 mismatch
Time: 130 ns  Iteration: 0  Process: /mac_ring_memory_tb/stim_proc  File: D:/Project/NIDS_3/Code/project_3/project_3.srcs/sim_1/new/MAC_tb.vhd
Error: Byte 5 mismatch
Time: 150 ns  Iteration: 0  Process: /mac_ring_memory_tb/stim_proc  File: D:/Project/NIDS_3/Code/project_3/project_3.srcs/sim_1/new/MAC_tb.vhd
Error: Byte 6 mismatch
Time: 170 ns  Iteration: 0  Process: /mac_ring_memory_tb/stim_proc  File: D:/Project/NIDS_3/Code/project_3/project_3.srcs/sim_1/new/MAC_tb.vhd
Error: Byte 7 mismatch
Time: 190 ns  Iteration: 0  Process: /mac_ring_memory_tb/stim_proc  File: D:/Project/NIDS_3/Code/project_3/project_3.srcs/sim_1/new/MAC_tb.vhd
Error: Byte 8 mismatch
Time: 210 ns  Iteration: 0  Process: /mac_ring_memory_tb/stim_proc  File: D:/Project/NIDS_3/Code/project_3/project_3.srcs/sim_1/new/MAC_tb.vhd
Error: Byte 9 mismatch
Time: 230 ns  Iteration: 0  Process: /mac_ring_memory_tb/stim_proc  File: D:/Project/NIDS_3/Code/project_3/project_3.srcs/sim_1/new/MAC_tb.vhd
Error: Byte 10 mismatch
Time: 250 ns  Iteration: 0  Process: /mac_ring_memory_tb/stim_proc  File: D:/Project/NIDS_3/Code/project_3/project_3.srcs/sim_1/new/MAC_tb.vhd
Error: Byte 11 mismatch
Time: 270 ns  Iteration: 0  Process: /mac_ring_memory_tb/stim_proc  File: D:/Project/NIDS_3/Code/project_3/project_3.srcs/sim_1/new/MAC_tb.vhd
Error: Read pointer not reset properly
Time: 350 ns  Iteration: 0  Process: /mac_ring_memory_tb/stim_proc  File: D:/Project/NIDS_3/Code/project_3/project_3.srcs/sim_1/new/MAC_tb.vhd
Error: Wrap-around failed
Time: 610 ns  Iteration: 0  Process: /mac_ring_memory_tb/stim_proc  File: D:/Project/NIDS_3/Code/project_3/project_3.srcs/sim_1/new/MAC_tb.vhd
Note: Testbench completed successfully
Time: 650 ns  Iteration: 0  Process: /mac_ring_memory_tb/stim_proc  File: D:/Project/NIDS_3/Code/project_3/project_3.srcs/sim_1/new/MAC_tb.vhd
